  [1m[35m (4.9ms)[0m  [1m[34mSELECT sqlite_version(*)[0m
  [1m[35m (1.5ms)[0m  [1m[35mCREATE TABLE "schema_migrations" ("version" varchar NOT NULL PRIMARY KEY)[0m
  [1m[35m (0.9ms)[0m  [1m[35mCREATE TABLE "ar_internal_metadata" ("key" varchar NOT NULL PRIMARY KEY, "value" varchar, "created_at" datetime(6) NOT NULL, "updated_at" datetime(6) NOT NULL)[0m
  [1m[35m (0.2ms)[0m  [1m[34mSELECT "schema_migrations"."version" FROM "schema_migrations" ORDER BY "schema_migrations"."version" ASC[0m
Migrating to CreateQuestions (20200612140935)
  [1m[35m (0.1ms)[0m  [1m[36mbegin transaction[0m
  [1m[35m (3.9ms)[0m  [1m[35mCREATE TABLE "questions" ("id" integer PRIMARY KEY AUTOINCREMENT NOT NULL, "text" varchar, "category_id" integer, "created_at" datetime(6) NOT NULL, "updated_at" datetime(6) NOT NULL)[0m
  [1m[36mprimary::SchemaMigration Create (0.3ms)[0m  [1m[32mINSERT INTO "schema_migrations" ("version") VALUES (?)[0m  [["version", "20200612140935"]]
  [1m[35m (0.8ms)[0m  [1m[36mcommit transaction[0m
Migrating to CreateChoices (20200612141153)
  [1m[35m (0.1ms)[0m  [1m[36mbegin transaction[0m
  [1m[35m (1.0ms)[0m  [1m[35mCREATE TABLE "choices" ("id" integer PRIMARY KEY AUTOINCREMENT NOT NULL, "text" varchar, "correct" boolean, "question_id" integer, "created_at" datetime(6) NOT NULL, "updated_at" datetime(6) NOT NULL)[0m
  [1m[36mprimary::SchemaMigration Create (0.2ms)[0m  [1m[32mINSERT INTO "schema_migrations" ("version") VALUES (?)[0m  [["version", "20200612141153"]]
  [1m[35m (0.8ms)[0m  [1m[36mcommit transaction[0m
Migrating to CreateCategories (20200612143249)
  [1m[35m (0.1ms)[0m  [1m[36mbegin transaction[0m
  [1m[35m (0.5ms)[0m  [1m[35mCREATE TABLE "categories" ("id" integer PRIMARY KEY AUTOINCREMENT NOT NULL, "name" varchar, "difficulty" varchar, "created_at" datetime(6) NOT NULL, "updated_at" datetime(6) NOT NULL)[0m
  [1m[36mprimary::SchemaMigration Create (0.2ms)[0m  [1m[32mINSERT INTO "schema_migrations" ("version") VALUES (?)[0m  [["version", "20200612143249"]]
  [1m[35m (0.8ms)[0m  [1m[36mcommit transaction[0m
  [1m[36mActiveRecord::InternalMetadata Load (0.2ms)[0m  [1m[34mSELECT "ar_internal_metadata".* FROM "ar_internal_metadata" WHERE "ar_internal_metadata"."key" = ? LIMIT ?[0m  [["key", "environment"], ["LIMIT", 1]]
  [1m[35m (0.1ms)[0m  [1m[36mbegin transaction[0m
  [1m[36mActiveRecord::InternalMetadata Create (0.7ms)[0m  [1m[32mINSERT INTO "ar_internal_metadata" ("key", "value", "created_at", "updated_at") VALUES (?, ?, ?, ?)[0m  [["key", "environment"], ["value", "development"], ["created_at", "2020-06-12 14:36:30.650373"], ["updated_at", "2020-06-12 14:36:30.650373"]]
  [1m[35m (1.0ms)[0m  [1m[36mcommit transaction[0m
  [1m[35m (0.1ms)[0m  [1m[34mSELECT sqlite_version(*)[0m
  [1m[35m (0.1ms)[0m  [1m[34mSELECT "schema_migrations"."version" FROM "schema_migrations" ORDER BY "schema_migrations"."version" ASC[0m
  [1m[35m (0.5ms)[0m  [1m[34mSELECT sqlite_version(*)[0m
  [1m[35m (0.4ms)[0m  [1m[34mSELECT "schema_migrations"."version" FROM "schema_migrations" ORDER BY "schema_migrations"."version" ASC[0m
Migrating to CreateUsers (20200612143754)
  [1m[35m (0.1ms)[0m  [1m[36mbegin transaction[0m
  [1m[35m (0.5ms)[0m  [1m[35mCREATE TABLE "users" ("id" integer PRIMARY KEY AUTOINCREMENT NOT NULL, "name" varchar, "username" varchar, "password" varchar, "high_score" integer, "created_at" datetime(6) NOT NULL, "updated_at" datetime(6) NOT NULL)[0m
  [1m[36mprimary::SchemaMigration Create (0.3ms)[0m  [1m[32mINSERT INTO "schema_migrations" ("version") VALUES (?)[0m  [["version", "20200612143754"]]
  [1m[35m (1.3ms)[0m  [1m[36mcommit transaction[0m
  [1m[36mActiveRecord::InternalMetadata Load (0.5ms)[0m  [1m[34mSELECT "ar_internal_metadata".* FROM "ar_internal_metadata" WHERE "ar_internal_metadata"."key" = ? LIMIT ?[0m  [["key", "environment"], ["LIMIT", 1]]
  [1m[35m (0.1ms)[0m  [1m[34mSELECT sqlite_version(*)[0m
  [1m[35m (0.1ms)[0m  [1m[34mSELECT "schema_migrations"."version" FROM "schema_migrations" ORDER BY "schema_migrations"."version" ASC[0m
  [1m[35m (0.6ms)[0m  [1m[34mSELECT sqlite_version(*)[0m
  [1m[35m (0.5ms)[0m  [1m[34mSELECT "schema_migrations"."version" FROM "schema_migrations" ORDER BY "schema_migrations"."version" ASC[0m
  [1m[35m (0.0ms)[0m  [1m[34mSELECT sqlite_version(*)[0m
  [1m[36mUser Load (0.4ms)[0m  [1m[34mSELECT "users".* FROM "users"[0m
  [1m[36mCategory Load (0.3ms)[0m  [1m[34mSELECT "categories".* FROM "categories"[0m
  [1m[36mQuestion Load (0.3ms)[0m  [1m[34mSELECT "questions".* FROM "questions"[0m
  [1m[36mChoice Load (0.3ms)[0m  [1m[34mSELECT "choices".* FROM "choices"[0m
  [1m[35m (0.1ms)[0m  [1m[36mbegin transaction[0m
  [1m[36mUser Create (0.8ms)[0m  [1m[32mINSERT INTO "users" ("name", "username", "password", "high_score", "created_at", "updated_at") VALUES (?, ?, ?, ?, ?, ?)[0m  [["name", "Pearl Mayer Jr."], ["username", "Mary Gold"], ["password", "12345"], ["high_score", 0], ["created_at", "2020-06-12 14:51:45.614032"], ["updated_at", "2020-06-12 14:51:45.614032"]]
  [1m[35m (0.8ms)[0m  [1m[36mcommit transaction[0m
  [1m[35m (0.1ms)[0m  [1m[36mbegin transaction[0m
  [1m[36mUser Create (0.3ms)[0m  [1m[32mINSERT INTO "users" ("name", "username", "password", "high_score", "created_at", "updated_at") VALUES (?, ?, ?, ?, ?, ?)[0m  [["name", "Mr. Kirstie Smith"], ["username", "Marshall Law"], ["password", "12345"], ["high_score", 0], ["created_at", "2020-06-12 14:51:45.619127"], ["updated_at", "2020-06-12 14:51:45.619127"]]
  [1m[35m (0.6ms)[0m  [1m[36mcommit transaction[0m
  [1m[35m (0.7ms)[0m  [1m[34mSELECT sqlite_version(*)[0m
  [1m[36mUser Load (0.4ms)[0m  [1m[34mSELECT "users".* FROM "users" LIMIT ?[0m  [["LIMIT", 11]]
  [1m[35m (0.6ms)[0m  [1m[34mSELECT sqlite_version(*)[0m
  [1m[35m (0.6ms)[0m  [1m[34mSELECT "schema_migrations"."version" FROM "schema_migrations" ORDER BY "schema_migrations"."version" ASC[0m
Migrating to RemoveDifficultyFromCategory (20200612150629)
  [1m[35m (0.1ms)[0m  [1m[36mbegin transaction[0m
  [1m[35m (0.0ms)[0m  [1m[35mPRAGMA foreign_keys[0m
  [1m[35m (0.0ms)[0m  [1m[35mPRAGMA defer_foreign_keys[0m
  [1m[35m (0.0ms)[0m  [1m[35mPRAGMA defer_foreign_keys = ON[0m
  [1m[35m (0.0ms)[0m  [1m[35mPRAGMA foreign_keys = OFF[0m
  [1m[35m (0.2ms)[0m  [1m[35mCREATE TEMPORARY TABLE "acategories" ("id" integer NOT NULL PRIMARY KEY, "name" varchar DEFAULT NULL, "difficulty" varchar DEFAULT NULL, "created_at" datetime(6) NOT NULL, "updated_at" datetime(6) NOT NULL)[0m
  [1m[35m (0.2ms)[0m  [1m[32mINSERT INTO "acategories" ("id","name","difficulty","created_at","updated_at")
                     SELECT "id","name","difficulty","created_at","updated_at" FROM "categories"[0m
  [1m[35m (0.5ms)[0m  [1m[35mDROP TABLE "categories"[0m
  [1m[35m (0.2ms)[0m  [1m[35mCREATE TABLE "categories" ("id" integer NOT NULL PRIMARY KEY, "name" varchar DEFAULT NULL, "created_at" datetime(6) NOT NULL, "updated_at" datetime(6) NOT NULL)[0m
  [1m[35m (0.1ms)[0m  [1m[32mINSERT INTO "categories" ("id","name","created_at","updated_at")
                     SELECT "id","name","created_at","updated_at" FROM "acategories"[0m
  [1m[35m (0.2ms)[0m  [1m[35mDROP TABLE "acategories"[0m
  [1m[35m (0.1ms)[0m  [1m[35mPRAGMA defer_foreign_keys = 0[0m
  [1m[35m (0.1ms)[0m  [1m[35mPRAGMA foreign_keys = 1[0m
  [1m[36mprimary::SchemaMigration Create (0.4ms)[0m  [1m[32mINSERT INTO "schema_migrations" ("version") VALUES (?)[0m  [["version", "20200612150629"]]
  [1m[35m (1.1ms)[0m  [1m[36mcommit transaction[0m
Migrating to AddDifficultyToQuestions (20200612150648)
  [1m[35m (0.0ms)[0m  [1m[36mbegin transaction[0m
  [1m[35m (0.4ms)[0m  [1m[35mALTER TABLE "questions" ADD "difficulty" varchar[0m
  [1m[36mprimary::SchemaMigration Create (0.1ms)[0m  [1m[32mINSERT INTO "schema_migrations" ("version") VALUES (?)[0m  [["version", "20200612150648"]]
  [1m[35m (1.1ms)[0m  [1m[36mcommit transaction[0m
  [1m[36mActiveRecord::InternalMetadata Load (0.4ms)[0m  [1m[34mSELECT "ar_internal_metadata".* FROM "ar_internal_metadata" WHERE "ar_internal_metadata"."key" = ? LIMIT ?[0m  [["key", "environment"], ["LIMIT", 1]]
  [1m[35m (0.1ms)[0m  [1m[34mSELECT sqlite_version(*)[0m
  [1m[35m (0.1ms)[0m  [1m[34mSELECT "schema_migrations"."version" FROM "schema_migrations" ORDER BY "schema_migrations"."version" ASC[0m
  [1m[35m (0.7ms)[0m  [1m[34mSELECT sqlite_version(*)[0m
  [1m[36mUser Load (0.7ms)[0m  [1m[34mSELECT "users".* FROM "users" LIMIT ?[0m  [["LIMIT", 11]]
  [1m[35m (0.7ms)[0m  [1m[34mSELECT sqlite_version(*)[0m
  [1m[35m (0.6ms)[0m  [1m[34mSELECT "schema_migrations"."version" FROM "schema_migrations" ORDER BY "schema_migrations"."version" ASC[0m
  [1m[35m (0.1ms)[0m  [1m[34mSELECT sqlite_version(*)[0m
  [1m[36mUser Load (0.5ms)[0m  [1m[34mSELECT "users".* FROM "users"[0m
  [1m[35m (0.1ms)[0m  [1m[36mbegin transaction[0m
  [1m[36mUser Destroy (0.4ms)[0m  [1m[31mDELETE FROM "users" WHERE "users"."id" = ?[0m  [["id", 1]]
  [1m[35m (0.5ms)[0m  [1m[36mcommit transaction[0m
  [1m[35m (0.0ms)[0m  [1m[36mbegin transaction[0m
  [1m[36mUser Destroy (0.2ms)[0m  [1m[31mDELETE FROM "users" WHERE "users"."id" = ?[0m  [["id", 2]]
  [1m[35m (0.6ms)[0m  [1m[36mcommit transaction[0m
  [1m[36mCategory Load (0.3ms)[0m  [1m[34mSELECT "categories".* FROM "categories"[0m
  [1m[36mQuestion Load (0.3ms)[0m  [1m[34mSELECT "questions".* FROM "questions"[0m
  [1m[36mChoice Load (0.3ms)[0m  [1m[34mSELECT "choices".* FROM "choices"[0m
  [1m[35m (0.1ms)[0m  [1m[36mbegin transaction[0m
  [1m[36mUser Create (0.5ms)[0m  [1m[32mINSERT INTO "users" ("name", "username", "password", "high_score", "created_at", "updated_at") VALUES (?, ?, ?, ?, ?, ?)[0m  [["name", "Ashlea Hessel"], ["username", "Lake Speed"], ["password", "12345"], ["high_score", 0], ["created_at", "2020-06-12 15:14:02.083717"], ["updated_at", "2020-06-12 15:14:02.083717"]]
  [1m[35m (0.6ms)[0m  [1m[36mcommit transaction[0m
  [1m[35m (0.0ms)[0m  [1m[36mbegin transaction[0m
  [1m[36mUser Create (0.3ms)[0m  [1m[32mINSERT INTO "users" ("name", "username", "password", "high_score", "created_at", "updated_at") VALUES (?, ?, ?, ?, ?, ?)[0m  [["name", "Reina Hudson DO"], ["username", "Sal Minella"], ["password", "12345"], ["high_score", 0], ["created_at", "2020-06-12 15:14:02.087791"], ["updated_at", "2020-06-12 15:14:02.087791"]]
  [1m[35m (0.5ms)[0m  [1m[36mcommit transaction[0m
  [1m[35m (0.0ms)[0m  [1m[36mbegin transaction[0m
  [1m[36mUser Create (0.3ms)[0m  [1m[32mINSERT INTO "users" ("name", "username", "password", "high_score", "created_at", "updated_at") VALUES (?, ?, ?, ?, ?, ?)[0m  [["name", "Mert"], ["username", "MERTY"], ["password", "1234"], ["high_score", 10], ["created_at", "2020-06-12 15:14:02.091079"], ["updated_at", "2020-06-12 15:14:02.091079"]]
  [1m[35m (0.6ms)[0m  [1m[36mcommit transaction[0m
  [1m[35m (0.0ms)[0m  [1m[36mbegin transaction[0m
  [1m[36mCategory Create (0.5ms)[0m  [1m[32mINSERT INTO "categories" ("name", "created_at", "updated_at") VALUES (?, ?, ?)[0m  [["name", "Landmarks"], ["created_at", "2020-06-12 15:14:02.096913"], ["updated_at", "2020-06-12 15:14:02.096913"]]
  [1m[35m (0.8ms)[0m  [1m[36mcommit transaction[0m
  [1m[35m (0.1ms)[0m  [1m[36mbegin transaction[0m
  [1m[36mCategory Load (0.2ms)[0m  [1m[34mSELECT "categories".* FROM "categories" WHERE "categories"."id" = ? LIMIT ?[0m  [["id", 1], ["LIMIT", 1]]
  [1m[36mQuestion Create (0.3ms)[0m  [1m[32mINSERT INTO "questions" ("text", "category_id", "created_at", "updated_at", "difficulty") VALUES (?, ?, ?, ?, ?)[0m  [["text", "How tall is the Eiffel tower?"], ["category_id", 1], ["created_at", "2020-06-12 15:14:02.122808"], ["updated_at", "2020-06-12 15:14:02.122808"], ["difficulty", "medium"]]
  [1m[35m (0.6ms)[0m  [1m[36mcommit transaction[0m
  [1m[35m (0.6ms)[0m  [1m[34mSELECT sqlite_version(*)[0m
  [1m[36mQuestion Load (0.2ms)[0m  [1m[34mSELECT "questions".* FROM "questions" ORDER BY "questions"."id" ASC LIMIT ?[0m  [["LIMIT", 1]]
  [1m[36mChoice Load (0.2ms)[0m  [1m[34mSELECT "choices".* FROM "choices" WHERE "choices"."question_id" = ? LIMIT ?[0m  [["question_id", 1], ["LIMIT", 11]]
  [1m[36mCategory Load (0.4ms)[0m  [1m[34mSELECT "categories".* FROM "categories" WHERE "categories"."id" = ? LIMIT ?[0m  [["id", 1], ["LIMIT", 1]]
  [1m[36mChoice Load (0.6ms)[0m  [1m[34mSELECT "choices".* FROM "choices" WHERE "choices"."question_id" = ? LIMIT ?[0m  [["question_id", 1], ["LIMIT", 11]]
  [1m[35m (0.8ms)[0m  [1m[34mSELECT sqlite_version(*)[0m
  [1m[35m (0.2ms)[0m  [1m[34mSELECT "schema_migrations"."version" FROM "schema_migrations" ORDER BY "schema_migrations"."version" ASC[0m
  [1m[35m (0.0ms)[0m  [1m[34mSELECT sqlite_version(*)[0m
  [1m[36mUser Load (0.1ms)[0m  [1m[34mSELECT "users".* FROM "users"[0m
  [1m[35m (0.1ms)[0m  [1m[36mbegin transaction[0m
  [1m[36mUser Destroy (0.4ms)[0m  [1m[31mDELETE FROM "users" WHERE "users"."id" = ?[0m  [["id", 3]]
  [1m[35m (1.5ms)[0m  [1m[36mcommit transaction[0m
  [1m[35m (0.0ms)[0m  [1m[36mbegin transaction[0m
  [1m[36mUser Destroy (0.3ms)[0m  [1m[31mDELETE FROM "users" WHERE "users"."id" = ?[0m  [["id", 4]]
  [1m[35m (1.1ms)[0m  [1m[36mcommit transaction[0m
  [1m[35m (0.0ms)[0m  [1m[36mbegin transaction[0m
  [1m[36mUser Destroy (0.3ms)[0m  [1m[31mDELETE FROM "users" WHERE "users"."id" = ?[0m  [["id", 5]]
  [1m[35m (0.7ms)[0m  [1m[36mcommit transaction[0m
  [1m[36mCategory Load (0.1ms)[0m  [1m[34mSELECT "categories".* FROM "categories"[0m
  [1m[35m (0.0ms)[0m  [1m[36mbegin transaction[0m
  [1m[36mCategory Destroy (0.3ms)[0m  [1m[31mDELETE FROM "categories" WHERE "categories"."id" = ?[0m  [["id", 1]]
  [1m[35m (1.0ms)[0m  [1m[36mcommit transaction[0m
  [1m[36mQuestion Load (0.2ms)[0m  [1m[34mSELECT "questions".* FROM "questions"[0m
  [1m[35m (0.0ms)[0m  [1m[36mbegin transaction[0m
  [1m[36mQuestion Destroy (0.3ms)[0m  [1m[31mDELETE FROM "questions" WHERE "questions"."id" = ?[0m  [["id", 1]]
  [1m[35m (0.6ms)[0m  [1m[36mcommit transaction[0m
  [1m[36mChoice Load (0.2ms)[0m  [1m[34mSELECT "choices".* FROM "choices"[0m
  [1m[35m (0.1ms)[0m  [1m[36mbegin transaction[0m
  [1m[36mUser Create (0.4ms)[0m  [1m[32mINSERT INTO "users" ("name", "username", "password", "high_score", "created_at", "updated_at") VALUES (?, ?, ?, ?, ?, ?)[0m  [["name", "Bessie Berge"], ["username", "Sal Ami"], ["password", "12345"], ["high_score", 0], ["created_at", "2020-06-12 15:16:12.280259"], ["updated_at", "2020-06-12 15:16:12.280259"]]
  [1m[35m (0.8ms)[0m  [1m[36mcommit transaction[0m
  [1m[35m (0.0ms)[0m  [1m[36mbegin transaction[0m
  [1m[36mUser Create (0.4ms)[0m  [1m[32mINSERT INTO "users" ("name", "username", "password", "high_score", "created_at", "updated_at") VALUES (?, ?, ?, ?, ?, ?)[0m  [["name", "Wes Tremblay"], ["username", "Andy Friese"], ["password", "12345"], ["high_score", 0], ["created_at", "2020-06-12 15:16:12.284451"], ["updated_at", "2020-06-12 15:16:12.284451"]]
  [1m[35m (1.0ms)[0m  [1m[36mcommit transaction[0m
  [1m[35m (0.0ms)[0m  [1m[36mbegin transaction[0m
  [1m[36mUser Create (0.3ms)[0m  [1m[32mINSERT INTO "users" ("name", "username", "password", "high_score", "created_at", "updated_at") VALUES (?, ?, ?, ?, ?, ?)[0m  [["name", "Mert"], ["username", "MERTY"], ["password", "1234"], ["high_score", 10], ["created_at", "2020-06-12 15:16:12.288236"], ["updated_at", "2020-06-12 15:16:12.288236"]]
  [1m[35m (0.6ms)[0m  [1m[36mcommit transaction[0m
  [1m[35m (0.0ms)[0m  [1m[36mbegin transaction[0m
  [1m[36mCategory Create (0.3ms)[0m  [1m[32mINSERT INTO "categories" ("name", "created_at", "updated_at") VALUES (?, ?, ?)[0m  [["name", "Landmarks"], ["created_at", "2020-06-12 15:16:12.291560"], ["updated_at", "2020-06-12 15:16:12.291560"]]
  [1m[35m (0.5ms)[0m  [1m[36mcommit transaction[0m
  [1m[35m (0.0ms)[0m  [1m[36mbegin transaction[0m
  [1m[36mCategory Load (0.2ms)[0m  [1m[34mSELECT "categories".* FROM "categories" WHERE "categories"."id" = ? LIMIT ?[0m  [["id", 1], ["LIMIT", 1]]
  [1m[36mQuestion Create (0.3ms)[0m  [1m[32mINSERT INTO "questions" ("text", "category_id", "created_at", "updated_at", "difficulty") VALUES (?, ?, ?, ?, ?)[0m  [["text", "How tall is the Eiffel tower?"], ["category_id", 1], ["created_at", "2020-06-12 15:16:12.300820"], ["updated_at", "2020-06-12 15:16:12.300820"], ["difficulty", "medium"]]
  [1m[35m (0.5ms)[0m  [1m[36mcommit transaction[0m
  [1m[35m (0.0ms)[0m  [1m[36mbegin transaction[0m
  [1m[36mQuestion Load (0.2ms)[0m  [1m[34mSELECT "questions".* FROM "questions" WHERE "questions"."id" = ? LIMIT ?[0m  [["id", 2], ["LIMIT", 1]]
  [1m[36mChoice Create (0.4ms)[0m  [1m[32mINSERT INTO "choices" ("text", "correct", "question_id", "created_at", "updated_at") VALUES (?, ?, ?, ?, ?)[0m  [["text", "10 feet"], ["correct", 0], ["question_id", 2], ["created_at", "2020-06-12 15:16:12.320876"], ["updated_at", "2020-06-12 15:16:12.320876"]]
  [1m[35m (0.7ms)[0m  [1m[36mcommit transaction[0m
  [1m[35m (0.9ms)[0m  [1m[34mSELECT sqlite_version(*)[0m
  [1m[36mQuestion Load (0.3ms)[0m  [1m[34mSELECT "questions".* FROM "questions" ORDER BY "questions"."id" ASC LIMIT ?[0m  [["LIMIT", 1]]
  [1m[36mChoice Load (0.3ms)[0m  [1m[34mSELECT "choices".* FROM "choices" WHERE "choices"."question_id" = ? LIMIT ?[0m  [["question_id", 2], ["LIMIT", 11]]
  [1m[36mCategory Load (0.2ms)[0m  [1m[34mSELECT "categories".* FROM "categories" WHERE "categories"."id" = ? LIMIT ?[0m  [["id", 1], ["LIMIT", 1]]
  [1m[35m (0.6ms)[0m  [1m[34mSELECT sqlite_version(*)[0m
  [1m[35m (0.5ms)[0m  [1m[34mSELECT "schema_migrations"."version" FROM "schema_migrations" ORDER BY "schema_migrations"."version" ASC[0m
  [1m[35m (0.0ms)[0m  [1m[34mSELECT sqlite_version(*)[0m
  [1m[36mUser Load (0.4ms)[0m  [1m[34mSELECT "users".* FROM "users"[0m
  [1m[35m (0.0ms)[0m  [1m[36mbegin transaction[0m
  [1m[36mUser Destroy (0.4ms)[0m  [1m[31mDELETE FROM "users" WHERE "users"."id" = ?[0m  [["id", 6]]
  [1m[35m (0.7ms)[0m  [1m[36mcommit transaction[0m
  [1m[35m (0.1ms)[0m  [1m[36mbegin transaction[0m
  [1m[36mUser Destroy (0.3ms)[0m  [1m[31mDELETE FROM "users" WHERE "users"."id" = ?[0m  [["id", 7]]
  [1m[35m (0.5ms)[0m  [1m[36mcommit transaction[0m
  [1m[35m (0.0ms)[0m  [1m[36mbegin transaction[0m
  [1m[36mUser Destroy (0.3ms)[0m  [1m[31mDELETE FROM "users" WHERE "users"."id" = ?[0m  [["id", 8]]
  [1m[35m (1.1ms)[0m  [1m[36mcommit transaction[0m
  [1m[36mCategory Load (0.4ms)[0m  [1m[34mSELECT "categories".* FROM "categories"[0m
  [1m[35m (0.0ms)[0m  [1m[36mbegin transaction[0m
  [1m[36mCategory Destroy (0.3ms)[0m  [1m[31mDELETE FROM "categories" WHERE "categories"."id" = ?[0m  [["id", 1]]
  [1m[35m (0.7ms)[0m  [1m[36mcommit transaction[0m
  [1m[36mQuestion Load (0.3ms)[0m  [1m[34mSELECT "questions".* FROM "questions"[0m
  [1m[35m (0.0ms)[0m  [1m[36mbegin transaction[0m
  [1m[36mQuestion Destroy (0.3ms)[0m  [1m[31mDELETE FROM "questions" WHERE "questions"."id" = ?[0m  [["id", 2]]
  [1m[35m (0.7ms)[0m  [1m[36mcommit transaction[0m
  [1m[36mChoice Load (0.4ms)[0m  [1m[34mSELECT "choices".* FROM "choices"[0m
  [1m[35m (0.0ms)[0m  [1m[36mbegin transaction[0m
  [1m[36mChoice Destroy (0.2ms)[0m  [1m[31mDELETE FROM "choices" WHERE "choices"."id" = ?[0m  [["id", 1]]
  [1m[35m (0.5ms)[0m  [1m[36mcommit transaction[0m
  [1m[35m (0.1ms)[0m  [1m[36mbegin transaction[0m
  [1m[36mUser Create (0.7ms)[0m  [1m[32mINSERT INTO "users" ("name", "username", "password", "high_score", "created_at", "updated_at") VALUES (?, ?, ?, ?, ?, ?)[0m  [["name", "Temika Nikolaus"], ["username", "Sal Sage"], ["password", "12345"], ["high_score", 0], ["created_at", "2020-06-12 15:24:00.732574"], ["updated_at", "2020-06-12 15:24:00.732574"]]
  [1m[35m (0.8ms)[0m  [1m[36mcommit transaction[0m
  [1m[35m (0.0ms)[0m  [1m[36mbegin transaction[0m
  [1m[36mUser Create (0.3ms)[0m  [1m[32mINSERT INTO "users" ("name", "username", "password", "high_score", "created_at", "updated_at") VALUES (?, ?, ?, ?, ?, ?)[0m  [["name", "Gabrielle Terry"], ["username", "Anna Graham"], ["password", "12345"], ["high_score", 0], ["created_at", "2020-06-12 15:24:00.737481"], ["updated_at", "2020-06-12 15:24:00.737481"]]
  [1m[35m (0.6ms)[0m  [1m[36mcommit transaction[0m
  [1m[35m (0.0ms)[0m  [1m[36mbegin transaction[0m
  [1m[36mUser Create (0.3ms)[0m  [1m[32mINSERT INTO "users" ("name", "username", "password", "high_score", "created_at", "updated_at") VALUES (?, ?, ?, ?, ?, ?)[0m  [["name", "Mert"], ["username", "MERTY"], ["password", "1234"], ["high_score", 10], ["created_at", "2020-06-12 15:24:00.740503"], ["updated_at", "2020-06-12 15:24:00.740503"]]
  [1m[35m (0.5ms)[0m  [1m[36mcommit transaction[0m
  [1m[35m (0.1ms)[0m  [1m[36mbegin transaction[0m
  [1m[36mCategory Create (0.4ms)[0m  [1m[32mINSERT INTO "categories" ("name", "created_at", "updated_at") VALUES (?, ?, ?)[0m  [["name", "Landmarks"], ["created_at", "2020-06-12 15:24:00.743584"], ["updated_at", "2020-06-12 15:24:00.743584"]]
  [1m[35m (0.7ms)[0m  [1m[36mcommit transaction[0m
  [1m[35m (0.0ms)[0m  [1m[36mbegin transaction[0m
  [1m[36mCategory Load (0.2ms)[0m  [1m[34mSELECT "categories".* FROM "categories" WHERE "categories"."id" = ? LIMIT ?[0m  [["id", 1], ["LIMIT", 1]]
  [1m[36mQuestion Create (0.3ms)[0m  [1m[32mINSERT INTO "questions" ("text", "category_id", "created_at", "updated_at", "difficulty") VALUES (?, ?, ?, ?, ?)[0m  [["text", "How tall is the Eiffel tower?"], ["category_id", 1], ["created_at", "2020-06-12 15:24:00.753951"], ["updated_at", "2020-06-12 15:24:00.753951"], ["difficulty", "medium"]]
  [1m[35m (0.5ms)[0m  [1m[36mcommit transaction[0m
  [1m[35m (0.0ms)[0m  [1m[36mbegin transaction[0m
  [1m[36mQuestion Load (0.1ms)[0m  [1m[34mSELECT "questions".* FROM "questions" WHERE "questions"."id" = ? LIMIT ?[0m  [["id", 3], ["LIMIT", 1]]
  [1m[36mChoice Create (0.3ms)[0m  [1m[32mINSERT INTO "choices" ("text", "correct", "question_id", "created_at", "updated_at") VALUES (?, ?, ?, ?, ?)[0m  [["text", "10 feet"], ["correct", 0], ["question_id", 3], ["created_at", "2020-06-12 15:24:00.759123"], ["updated_at", "2020-06-12 15:24:00.759123"]]
  [1m[35m (0.7ms)[0m  [1m[36mcommit transaction[0m
  [1m[35m (0.0ms)[0m  [1m[36mbegin transaction[0m
  [1m[36mQuestion Load (0.2ms)[0m  [1m[34mSELECT "questions".* FROM "questions" WHERE "questions"."id" = ? LIMIT ?[0m  [["id", 3], ["LIMIT", 1]]
  [1m[36mChoice Create (0.3ms)[0m  [1m[32mINSERT INTO "choices" ("text", "correct", "question_id", "created_at", "updated_at") VALUES (?, ?, ?, ?, ?)[0m  [["text", "1063 feet"], ["correct", 1], ["question_id", 3], ["created_at", "2020-06-12 15:24:00.764342"], ["updated_at", "2020-06-12 15:24:00.764342"]]
  [1m[35m (0.6ms)[0m  [1m[36mcommit transaction[0m
  [1m[35m (0.0ms)[0m  [1m[36mbegin transaction[0m
  [1m[36mQuestion Load (0.1ms)[0m  [1m[34mSELECT "questions".* FROM "questions" WHERE "questions"."id" = ? LIMIT ?[0m  [["id", 3], ["LIMIT", 1]]
  [1m[36mChoice Create (0.3ms)[0m  [1m[32mINSERT INTO "choices" ("text", "correct", "question_id", "created_at", "updated_at") VALUES (?, ?, ?, ?, ?)[0m  [["text", "1000 feet"], ["correct", 0], ["question_id", 3], ["created_at", "2020-06-12 15:24:00.768999"], ["updated_at", "2020-06-12 15:24:00.768999"]]
  [1m[35m (0.7ms)[0m  [1m[36mcommit transaction[0m
  [1m[35m (0.0ms)[0m  [1m[36mbegin transaction[0m
  [1m[36mQuestion Load (0.1ms)[0m  [1m[34mSELECT "questions".* FROM "questions" WHERE "questions"."id" = ? LIMIT ?[0m  [["id", 3], ["LIMIT", 1]]
  [1m[36mChoice Create (0.3ms)[0m  [1m[32mINSERT INTO "choices" ("text", "correct", "question_id", "created_at", "updated_at") VALUES (?, ?, ?, ?, ?)[0m  [["text", "3000 feet"], ["correct", 0], ["question_id", 3], ["created_at", "2020-06-12 15:24:00.773661"], ["updated_at", "2020-06-12 15:24:00.773661"]]
  [1m[35m (0.8ms)[0m  [1m[36mcommit transaction[0m
  [1m[35m (0.6ms)[0m  [1m[34mSELECT sqlite_version(*)[0m
  [1m[36mQuestion Load (0.2ms)[0m  [1m[34mSELECT "questions".* FROM "questions" ORDER BY "questions"."id" ASC LIMIT ?[0m  [["LIMIT", 1]]
  [1m[36mChoice Load (0.2ms)[0m  [1m[34mSELECT "choices".* FROM "choices" WHERE "choices"."question_id" = ? LIMIT ?[0m  [["question_id", 3], ["LIMIT", 11]]
